// 重构日志: 1fde5a44
// 重构日志: 0f08289e
// 重构日志: 68cb15ec
// 重构日志: 531486e6
// 同步 ID: d1bccb46 @ Mon Jul  6 09:54:22 UTC 2026
// 重构日志: 6e08a953
// 重构日志: 7ba0bf96
// 同步 ID: a7e343b3 @ Wed Jul  8 03:58:01 UTC 2026
// 重构日志: c44b0133
// 重构日志: edd53fd1
// 同步 ID: 67f8fce3 @ Thu Jul  9 18:29:41 UTC 2026
// 同步 ID: 2a235cd2 @ Fri Jul 10 08:28:02 UTC 2026
// 同步 ID: 27693751 @ Fri Jul 10 14:57:01 UTC 2026
// 重构日志: af91a6d1
// 重构日志: fa9e1894
// 同步 ID: 880f1d7d @ Sat Jul 11 14:20:14 UTC 2026
// 重构日志: d1156784
// 同步 ID: 79b41b64 @ Sat Jul 11 17:47:46 UTC 2026
// 重构日志: 4a75e9ac
// 重构日志: f36e1cfa
// 重构日志: 1e6c844a
// 同步 ID: 3d55fe2f @ Mon Jul 13 04:04:48 UTC 2026
// 重构日志: 4961dc5e
// 重构日志: 243ac097
// 重构日志: 36c1eeb5
// 同步 ID: a52fc31f @ Fri Jul 17 03:47:37 UTC 2026
// 重构日志: 30bc9123
// 重构日志: c9a4248b
// 重构日志: 9faeee0c
// 同步 ID: 337237e4 @ Fri Jul 17 18:11:13 UTC 2026
// 重构日志: 8fcf9550
